2015-08-26 08:25:34 IsCreateDetailFile配置获取异常 System.NullReferenceException: 未将对象引用设置到对象的实例。
   在 Better.Infrastructures.Log.ConfigFetcher.RefreshConfig()

2015-08-26 08:25:34 数据库连接配置获取异常,目标连接BusiMonitorLogConnection 异常 System.NullReferenceException: 未将对象引用设置到对象的实例。
   在 Better.Infrastructures.Log.ConnectionFactory.GetConnectionString(String str)

2015-08-26 08:25:34 连接获取异常 System.NullReferenceException: 未将对象引用设置到对象的实例。
   在 Better.Infrastructures.Log.ConnectionFactory.GetConnectionString(String str)
   在 Better.Infrastructures.Log.MySqlLogSink.RefreshConnStrs()

2015-08-26 08:25:34 数据库连接配置获取异常,目标连接BusiMonitorLogConnection 异常 System.NullReferenceException: 未将对象引用设置到对象的实例。
   在 Better.Infrastructures.Log.ConnectionFactory.GetConnectionString(String str)

2015-08-26 08:25:34 连接获取异常 System.NullReferenceException: 未将对象引用设置到对象的实例。
   在 Better.Infrastructures.Log.ConnectionFactory.GetConnectionString(String str)
   在 Better.Infrastructures.Log.TextLogSink.RefreshConnStrs()

2015-08-26 08:25:41 System.NullReferenceException: 未将对象引用设置到对象的实例。
   在 Better.Infrastructures.Log.LogingThread.WriteException(AppException exception)

2015-08-26 08:25:41 System.NullReferenceException: 未将对象引用设置到对象的实例。
   在 Better.Infrastructures.Log.LogingThread.InteractionLog(String moduel, String key1, String key2, String sendAddress, String sendContent, String receiveContent, String message, Dictionary`2 dicContext, TimeSpan timespan)

2015-08-26 08:25:41 System.NullReferenceException: 未将对象引用设置到对象的实例。
   在 Better.Infrastructures.Log.LogingThread.InteractionLog(String moduel, String key1, String key2, String sendAddress, String sendContent, String receiveContent, String message, Dictionary`2 dicContext, TimeSpan timespan)

2015-08-26 08:25:44 System.NullReferenceException: 未将对象引用设置到对象的实例。
   在 Better.Infrastructures.Log.LogingThread.WriteException(AppException exception)

2015-08-26 08:25:44 System.NullReferenceException: 未将对象引用设置到对象的实例。
   在 Better.Infrastructures.Log.LogingThread.InteractionLog(String moduel, String key1, String key2, String sendAddress, String sendContent, String receiveContent, String message, Dictionary`2 dicContext, TimeSpan timespan)

2015-08-26 08:25:48 System.NullReferenceException: 未将对象引用设置到对象的实例。
   在 Better.Infrastructures.Log.LogingThread.WriteException(AppException exception)

2015-08-26 08:25:48 System.NullReferenceException: 未将对象引用设置到对象的实例。
   在 Better.Infrastructures.Log.LogingThread.InteractionLog(String moduel, String key1, String key2, String sendAddress, String sendContent, String receiveContent, String message, Dictionary`2 dicContext, TimeSpan timespan)

2015-08-26 08:25:49 System.NullReferenceException: 未将对象引用设置到对象的实例。
   在 Better.Infrastructures.Log.LogingThread.InteractionLog(String moduel, String key1, String key2, String sendAddress, String sendContent, String receiveContent, String message, Dictionary`2 dicContext, TimeSpan timespan)

2015-08-26 08:25:51 System.NullReferenceException: 未将对象引用设置到对象的实例。
   在 Better.Infrastructures.Log.LogingThread.InteractionLog(String moduel, String key1, String key2, String sendAddress, String sendContent, String receiveContent, String message, Dictionary`2 dicContext, TimeSpan timespan)

2015-08-26 08:28:54 IsCreateDetailFile配置获取异常 System.NullReferenceException: 未将对象引用设置到对象的实例。
   在 Better.Infrastructures.Log.ConfigFetcher.RefreshConfig()

2015-08-26 08:28:55 数据库连接配置获取异常,目标连接BusiMonitorLogConnection 异常 System.NullReferenceException: 未将对象引用设置到对象的实例。
   在 Better.Infrastructures.Log.ConnectionFactory.GetConnectionString(String str)

2015-08-26 08:28:55 连接获取异常 System.NullReferenceException: 未将对象引用设置到对象的实例。
   在 Better.Infrastructures.Log.ConnectionFactory.GetConnectionString(String str)
   在 Better.Infrastructures.Log.MySqlLogSink.RefreshConnStrs()

2015-08-26 08:28:55 数据库连接配置获取异常,目标连接BusiMonitorLogConnection 异常 System.NullReferenceException: 未将对象引用设置到对象的实例。
   在 Better.Infrastructures.Log.ConnectionFactory.GetConnectionString(String str)

2015-08-26 08:28:55 连接获取异常 System.NullReferenceException: 未将对象引用设置到对象的实例。
   在 Better.Infrastructures.Log.ConnectionFactory.GetConnectionString(String str)
   在 Better.Infrastructures.Log.TextLogSink.RefreshConnStrs()

2015-08-26 08:29:01 System.NullReferenceException: 未将对象引用设置到对象的实例。
   在 Better.Infrastructures.Log.LogingThread.WriteException(AppException exception)

2015-08-26 08:29:01 System.NullReferenceException: 未将对象引用设置到对象的实例。
   在 Better.Infrastructures.Log.LogingThread.InteractionLog(String moduel, String key1, String key2, String sendAddress, String sendContent, String receiveContent, String message, Dictionary`2 dicContext, TimeSpan timespan)

2015-08-26 08:29:02 System.NullReferenceException: 未将对象引用设置到对象的实例。
   在 Better.Infrastructures.Log.LogingThread.InteractionLog(String moduel, String key1, String key2, String sendAddress, String sendContent, String receiveContent, String message, Dictionary`2 dicContext, TimeSpan timespan)

2015-08-26 08:29:04 System.NullReferenceException: 未将对象引用设置到对象的实例。
   在 Better.Infrastructures.Log.LogingThread.WriteException(AppException exception)

2015-08-26 08:29:04 System.NullReferenceException: 未将对象引用设置到对象的实例。
   在 Better.Infrastructures.Log.LogingThread.InteractionLog(String moduel, String key1, String key2, String sendAddress, String sendContent, String receiveContent, String message, Dictionary`2 dicContext, TimeSpan timespan)

2015-08-26 08:29:08 System.NullReferenceException: 未将对象引用设置到对象的实例。
   在 Better.Infrastructures.Log.LogingThread.WriteException(AppException exception)

2015-08-26 08:29:08 System.NullReferenceException: 未将对象引用设置到对象的实例。
   在 Better.Infrastructures.Log.LogingThread.InteractionLog(String moduel, String key1, String key2, String sendAddress, String sendContent, String receiveContent, String message, Dictionary`2 dicContext, TimeSpan timespan)

2015-08-26 08:29:09 System.NullReferenceException: 未将对象引用设置到对象的实例。
   在 Better.Infrastructures.Log.LogingThread.InteractionLog(String moduel, String key1, String key2, String sendAddress, String sendContent, String receiveContent, String message, Dictionary`2 dicContext, TimeSpan timespan)

2015-08-26 08:29:13 System.NullReferenceException: 未将对象引用设置到对象的实例。
   在 Better.Infrastructures.Log.LogingThread.InteractionLog(String moduel, String key1, String key2, String sendAddress, String sendContent, String receiveContent, String message, Dictionary`2 dicContext, TimeSpan timespan)

2015-08-26 08:29:34 System.NullReferenceException: 未将对象引用设置到对象的实例。
   在 Better.Infrastructures.Log.LogingThread.WriteException(AppException exception)

2015-08-26 08:39:33 IsCreateDetailFile配置获取异常 System.NullReferenceException: 未将对象引用设置到对象的实例。
   在 Better.Infrastructures.Log.ConfigFetcher.RefreshConfig()

2015-08-26 08:39:33 数据库连接配置获取异常,目标连接BusiMonitorLogConnection 异常 System.NullReferenceException: 未将对象引用设置到对象的实例。
   在 Better.Infrastructures.Log.ConnectionFactory.GetConnectionString(String str)

2015-08-26 08:39:33 连接获取异常 System.NullReferenceException: 未将对象引用设置到对象的实例。
   在 Better.Infrastructures.Log.ConnectionFactory.GetConnectionString(String str)
   在 Better.Infrastructures.Log.MySqlLogSink.RefreshConnStrs()

2015-08-26 08:39:33 数据库连接配置获取异常,目标连接BusiMonitorLogConnection 异常 System.NullReferenceException: 未将对象引用设置到对象的实例。
   在 Better.Infrastructures.Log.ConnectionFactory.GetConnectionString(String str)

2015-08-26 08:39:33 连接获取异常 System.NullReferenceException: 未将对象引用设置到对象的实例。
   在 Better.Infrastructures.Log.ConnectionFactory.GetConnectionString(String str)
   在 Better.Infrastructures.Log.TextLogSink.RefreshConnStrs()

2015-08-26 08:41:01 IsCreateDetailFile配置获取异常 System.NullReferenceException: 未将对象引用设置到对象的实例。
   在 Better.Infrastructures.Log.ConfigFetcher.RefreshConfig()

2015-08-26 08:41:28 数据库连接配置获取异常,目标连接BusiMonitorLogConnection 异常 System.NullReferenceException: 未将对象引用设置到对象的实例。
   在 Better.Infrastructures.Log.ConnectionFactory.GetConnectionString(String str)

2015-08-26 08:41:29 连接获取异常 System.NullReferenceException: 未将对象引用设置到对象的实例。
   在 Better.Infrastructures.Log.ConnectionFactory.GetConnectionString(String str)
   在 Better.Infrastructures.Log.MySqlLogSink.RefreshConnStrs()

2015-08-26 08:41:34 数据库连接配置获取异常,目标连接BusiMonitorLogConnection 异常 System.NullReferenceException: 未将对象引用设置到对象的实例。
   在 Better.Infrastructures.Log.ConnectionFactory.GetConnectionString(String str)

2015-08-26 08:41:37 连接获取异常 System.NullReferenceException: 未将对象引用设置到对象的实例。
   在 Better.Infrastructures.Log.ConnectionFactory.GetConnectionString(String str)
   在 Better.Infrastructures.Log.TextLogSink.RefreshConnStrs()

2015-08-26 08:46:17 IsCreateDetailFile配置获取异常 System.NullReferenceException: 未将对象引用设置到对象的实例。
   在 Better.Infrastructures.Log.ConfigFetcher.RefreshConfig()

2015-08-26 08:46:17 数据库连接配置获取异常,目标连接BusiMonitorLogConnection 异常 System.NullReferenceException: 未将对象引用设置到对象的实例。
   在 Better.Infrastructures.Log.ConnectionFactory.GetConnectionString(String str)

2015-08-26 08:46:17 连接获取异常 System.NullReferenceException: 未将对象引用设置到对象的实例。
   在 Better.Infrastructures.Log.ConnectionFactory.GetConnectionString(String str)
   在 Better.Infrastructures.Log.MySqlLogSink.RefreshConnStrs()

2015-08-26 08:46:17 数据库连接配置获取异常,目标连接BusiMonitorLogConnection 异常 System.NullReferenceException: 未将对象引用设置到对象的实例。
   在 Better.Infrastructures.Log.ConnectionFactory.GetConnectionString(String str)

2015-08-26 08:46:17 连接获取异常 System.NullReferenceException: 未将对象引用设置到对象的实例。
   在 Better.Infrastructures.Log.ConnectionFactory.GetConnectionString(String str)
   在 Better.Infrastructures.Log.TextLogSink.RefreshConnStrs()

