2015-08-24 10:24:54 AppNameStr配置获取异常 System.NullReferenceException: 未将对象引用设置到对象的实例。
   在 Better.Infrastructures.Log.ConfigFetcher.RefreshConfig()

2015-08-24 10:24:54 UiaccStatSwitch配置获取异常 System.NullReferenceException: 未将对象引用设置到对象的实例。
   在 Better.Infrastructures.Log.ConfigFetcher.RefreshConfig()

2015-08-24 10:24:54 ExceptionStatSwitch配置获取异常 System.NullReferenceException: 未将对象引用设置到对象的实例。
   在 Better.Infrastructures.Log.ConfigFetcher.RefreshConfig()

2015-08-24 10:24:54 StatisticsTimeInterval配置获取异常 System.NullReferenceException: 未将对象引用设置到对象的实例。
   在 Better.Infrastructures.Log.ConfigFetcher.RefreshConfig()

2015-08-24 10:24:54 SlowShreshold配置获取异常 System.NullReferenceException: 未将对象引用设置到对象的实例。
   在 Better.Infrastructures.Log.ConfigFetcher.RefreshConfig()

2015-08-24 10:24:54 SmallLogRecord配置获取异常 System.NullReferenceException: 未将对象引用设置到对象的实例。
   在 Better.Infrastructures.Log.ConfigFetcher.RefreshConfig()

2015-08-24 10:24:54 RecordAppCollecttionParams配置获取异常 System.NullReferenceException: 未将对象引用设置到对象的实例。
   在 Better.Infrastructures.Log.ConfigFetcher.RefreshConfig()

2015-08-24 10:24:54 AppRecord配置获取异常 System.NullReferenceException: 未将对象引用设置到对象的实例。
   在 Better.Infrastructures.Log.ConfigFetcher.RefreshConfig()

2015-08-24 10:24:54 RecordDebug配置获取异常 System.NullReferenceException: 未将对象引用设置到对象的实例。
   在 Better.Infrastructures.Log.ConfigFetcher.RefreshConfig()

2015-08-24 10:24:54 ExceptionMinitorLevel配置获取异常 System.NullReferenceException: 未将对象引用设置到对象的实例。
   在 Better.Infrastructures.Log.ConfigFetcher.RefreshConfig()

2015-08-24 10:24:54 IsCloseAllLog配置获取异常 System.NullReferenceException: 未将对象引用设置到对象的实例。
   在 Better.Infrastructures.Log.ConfigFetcher.RefreshConfig()

2015-08-24 10:24:54 InnerTextSwitch配置获取异常 System.NullReferenceException: 未将对象引用设置到对象的实例。
   在 Better.Infrastructures.Log.ConfigFetcher.RefreshConfig()

2015-08-24 10:24:54 IsCreateDetailFile配置获取异常 System.NullReferenceException: 未将对象引用设置到对象的实例。
   在 Better.Infrastructures.Log.ConfigFetcher.RefreshConfig()

2015-08-24 10:24:54 System.NullReferenceException: 未将对象引用设置到对象的实例。
   在 Better.Infrastructures.Log.LogingThread.WriteException(AppException exception)

2015-08-24 10:25:12 数据库连接配置获取异常,目标连接AppLogConnection 异常 System.NullReferenceException: 未将对象引用设置到对象的实例。
   在 Better.Infrastructures.Log.ConnectionFactory.GetConnectionString(String str)

2015-08-24 10:25:12 连接获取异常 System.NullReferenceException: 未将对象引用设置到对象的实例。
   在 Better.Infrastructures.Log.ConnectionFactory.GetConnectionString(String str)
   在 Better.Infrastructures.Log.MySqlLogSink.RefreshConnStrs()

2015-08-24 10:25:12 数据库连接配置获取异常,目标连接AppLogConnection 异常 System.NullReferenceException: 未将对象引用设置到对象的实例。
   在 Better.Infrastructures.Log.ConnectionFactory.GetConnectionString(String str)

2015-08-24 10:25:12 连接获取异常 System.NullReferenceException: 未将对象引用设置到对象的实例。
   在 Better.Infrastructures.Log.ConnectionFactory.GetConnectionString(String str)
   在 Better.Infrastructures.Log.TextLogSink.RefreshConnStrs()

2015-08-24 10:27:02 AppNameStr配置获取异常 System.NullReferenceException: 未将对象引用设置到对象的实例。
   在 Better.Infrastructures.Log.ConfigFetcher.RefreshConfig()

2015-08-24 10:27:02 UiaccStatSwitch配置获取异常 System.NullReferenceException: 未将对象引用设置到对象的实例。
   在 Better.Infrastructures.Log.ConfigFetcher.RefreshConfig()

2015-08-24 10:27:02 ExceptionStatSwitch配置获取异常 System.NullReferenceException: 未将对象引用设置到对象的实例。
   在 Better.Infrastructures.Log.ConfigFetcher.RefreshConfig()

2015-08-24 10:27:02 StatisticsTimeInterval配置获取异常 System.NullReferenceException: 未将对象引用设置到对象的实例。
   在 Better.Infrastructures.Log.ConfigFetcher.RefreshConfig()

2015-08-24 10:27:02 SlowShreshold配置获取异常 System.NullReferenceException: 未将对象引用设置到对象的实例。
   在 Better.Infrastructures.Log.ConfigFetcher.RefreshConfig()

2015-08-24 10:27:02 SmallLogRecord配置获取异常 System.NullReferenceException: 未将对象引用设置到对象的实例。
   在 Better.Infrastructures.Log.ConfigFetcher.RefreshConfig()

2015-08-24 10:27:02 RecordAppCollecttionParams配置获取异常 System.NullReferenceException: 未将对象引用设置到对象的实例。
   在 Better.Infrastructures.Log.ConfigFetcher.RefreshConfig()

2015-08-24 10:27:02 AppRecord配置获取异常 System.NullReferenceException: 未将对象引用设置到对象的实例。
   在 Better.Infrastructures.Log.ConfigFetcher.RefreshConfig()

2015-08-24 10:27:02 RecordDebug配置获取异常 System.NullReferenceException: 未将对象引用设置到对象的实例。
   在 Better.Infrastructures.Log.ConfigFetcher.RefreshConfig()

2015-08-24 10:27:02 ExceptionMinitorLevel配置获取异常 System.NullReferenceException: 未将对象引用设置到对象的实例。
   在 Better.Infrastructures.Log.ConfigFetcher.RefreshConfig()

2015-08-24 10:27:02 IsCloseAllLog配置获取异常 System.NullReferenceException: 未将对象引用设置到对象的实例。
   在 Better.Infrastructures.Log.ConfigFetcher.RefreshConfig()

2015-08-24 10:27:02 InnerTextSwitch配置获取异常 System.NullReferenceException: 未将对象引用设置到对象的实例。
   在 Better.Infrastructures.Log.ConfigFetcher.RefreshConfig()

2015-08-24 10:27:02 IsCreateDetailFile配置获取异常 System.NullReferenceException: 未将对象引用设置到对象的实例。
   在 Better.Infrastructures.Log.ConfigFetcher.RefreshConfig()

2015-08-24 10:27:02 System.NullReferenceException: 未将对象引用设置到对象的实例。
   在 Better.Infrastructures.Log.LogingThread.WriteException(AppException exception)

2015-08-24 10:27:05 数据库连接配置获取异常,目标连接AppLogConnection 异常 System.NullReferenceException: 未将对象引用设置到对象的实例。
   在 Better.Infrastructures.Log.ConnectionFactory.GetConnectionString(String str)

2015-08-24 10:27:05 连接获取异常 System.NullReferenceException: 未将对象引用设置到对象的实例。
   在 Better.Infrastructures.Log.ConnectionFactory.GetConnectionString(String str)
   在 Better.Infrastructures.Log.MySqlLogSink.RefreshConnStrs()

2015-08-24 10:27:05 数据库连接配置获取异常,目标连接AppLogConnection 异常 System.NullReferenceException: 未将对象引用设置到对象的实例。
   在 Better.Infrastructures.Log.ConnectionFactory.GetConnectionString(String str)

2015-08-24 10:27:05 连接获取异常 System.NullReferenceException: 未将对象引用设置到对象的实例。
   在 Better.Infrastructures.Log.ConnectionFactory.GetConnectionString(String str)
   在 Better.Infrastructures.Log.TextLogSink.RefreshConnStrs()

2015-08-24 10:28:18 AppNameStr配置获取异常 System.NullReferenceException: 未将对象引用设置到对象的实例。
   在 Better.Infrastructures.Log.ConfigFetcher.RefreshConfig()

2015-08-24 10:28:18 UiaccStatSwitch配置获取异常 System.NullReferenceException: 未将对象引用设置到对象的实例。
   在 Better.Infrastructures.Log.ConfigFetcher.RefreshConfig()

2015-08-24 10:28:18 ExceptionStatSwitch配置获取异常 System.NullReferenceException: 未将对象引用设置到对象的实例。
   在 Better.Infrastructures.Log.ConfigFetcher.RefreshConfig()

2015-08-24 10:28:18 StatisticsTimeInterval配置获取异常 System.NullReferenceException: 未将对象引用设置到对象的实例。
   在 Better.Infrastructures.Log.ConfigFetcher.RefreshConfig()

2015-08-24 10:28:18 SlowShreshold配置获取异常 System.NullReferenceException: 未将对象引用设置到对象的实例。
   在 Better.Infrastructures.Log.ConfigFetcher.RefreshConfig()

2015-08-24 10:28:18 SmallLogRecord配置获取异常 System.NullReferenceException: 未将对象引用设置到对象的实例。
   在 Better.Infrastructures.Log.ConfigFetcher.RefreshConfig()

2015-08-24 10:28:18 RecordAppCollecttionParams配置获取异常 System.NullReferenceException: 未将对象引用设置到对象的实例。
   在 Better.Infrastructures.Log.ConfigFetcher.RefreshConfig()

2015-08-24 10:28:18 AppRecord配置获取异常 System.NullReferenceException: 未将对象引用设置到对象的实例。
   在 Better.Infrastructures.Log.ConfigFetcher.RefreshConfig()

2015-08-24 10:28:18 RecordDebug配置获取异常 System.NullReferenceException: 未将对象引用设置到对象的实例。
   在 Better.Infrastructures.Log.ConfigFetcher.RefreshConfig()

2015-08-24 10:28:18 ExceptionMinitorLevel配置获取异常 System.NullReferenceException: 未将对象引用设置到对象的实例。
   在 Better.Infrastructures.Log.ConfigFetcher.RefreshConfig()

2015-08-24 10:28:18 IsCloseAllLog配置获取异常 System.NullReferenceException: 未将对象引用设置到对象的实例。
   在 Better.Infrastructures.Log.ConfigFetcher.RefreshConfig()

2015-08-24 10:28:18 InnerTextSwitch配置获取异常 System.NullReferenceException: 未将对象引用设置到对象的实例。
   在 Better.Infrastructures.Log.ConfigFetcher.RefreshConfig()

2015-08-24 10:28:18 IsCreateDetailFile配置获取异常 System.NullReferenceException: 未将对象引用设置到对象的实例。
   在 Better.Infrastructures.Log.ConfigFetcher.RefreshConfig()

2015-08-24 10:28:18 System.NullReferenceException: 未将对象引用设置到对象的实例。
   在 Better.Infrastructures.Log.LogingThread.WriteException(AppException exception)

2015-08-24 10:28:22 数据库连接配置获取异常,目标连接AppLogConnection 异常 System.NullReferenceException: 未将对象引用设置到对象的实例。
   在 Better.Infrastructures.Log.ConnectionFactory.GetConnectionString(String str)

2015-08-24 10:28:22 连接获取异常 System.NullReferenceException: 未将对象引用设置到对象的实例。
   在 Better.Infrastructures.Log.ConnectionFactory.GetConnectionString(String str)
   在 Better.Infrastructures.Log.MySqlLogSink.RefreshConnStrs()

2015-08-24 10:28:22 数据库连接配置获取异常,目标连接AppLogConnection 异常 System.NullReferenceException: 未将对象引用设置到对象的实例。
   在 Better.Infrastructures.Log.ConnectionFactory.GetConnectionString(String str)

2015-08-24 10:28:22 连接获取异常 System.NullReferenceException: 未将对象引用设置到对象的实例。
   在 Better.Infrastructures.Log.ConnectionFactory.GetConnectionString(String str)
   在 Better.Infrastructures.Log.TextLogSink.RefreshConnStrs()

2015-08-24 10:29:36 AppNameStr配置获取异常 System.NullReferenceException: 未将对象引用设置到对象的实例。
   在 Better.Infrastructures.Log.ConfigFetcher.RefreshConfig()

2015-08-24 10:35:49 AppNameStr配置获取异常 System.NullReferenceException: 未将对象引用设置到对象的实例。
   在 Better.Infrastructures.Log.ConfigFetcher.RefreshConfig()

2015-08-24 10:35:49 UiaccStatSwitch配置获取异常 System.NullReferenceException: 未将对象引用设置到对象的实例。
   在 Better.Infrastructures.Log.ConfigFetcher.RefreshConfig()

2015-08-24 10:35:49 ExceptionStatSwitch配置获取异常 System.NullReferenceException: 未将对象引用设置到对象的实例。
   在 Better.Infrastructures.Log.ConfigFetcher.RefreshConfig()

2015-08-24 10:35:49 StatisticsTimeInterval配置获取异常 System.NullReferenceException: 未将对象引用设置到对象的实例。
   在 Better.Infrastructures.Log.ConfigFetcher.RefreshConfig()

2015-08-24 10:35:49 SlowShreshold配置获取异常 System.NullReferenceException: 未将对象引用设置到对象的实例。
   在 Better.Infrastructures.Log.ConfigFetcher.RefreshConfig()

2015-08-24 10:35:49 SmallLogRecord配置获取异常 System.NullReferenceException: 未将对象引用设置到对象的实例。
   在 Better.Infrastructures.Log.ConfigFetcher.RefreshConfig()

2015-08-24 10:35:49 RecordAppCollecttionParams配置获取异常 System.NullReferenceException: 未将对象引用设置到对象的实例。
   在 Better.Infrastructures.Log.ConfigFetcher.RefreshConfig()

2015-08-24 10:35:49 AppRecord配置获取异常 System.NullReferenceException: 未将对象引用设置到对象的实例。
   在 Better.Infrastructures.Log.ConfigFetcher.RefreshConfig()

2015-08-24 10:35:49 RecordDebug配置获取异常 System.NullReferenceException: 未将对象引用设置到对象的实例。
   在 Better.Infrastructures.Log.ConfigFetcher.RefreshConfig()

2015-08-24 10:35:49 ExceptionMinitorLevel配置获取异常 System.NullReferenceException: 未将对象引用设置到对象的实例。
   在 Better.Infrastructures.Log.ConfigFetcher.RefreshConfig()

2015-08-24 10:35:49 IsCloseAllLog配置获取异常 System.NullReferenceException: 未将对象引用设置到对象的实例。
   在 Better.Infrastructures.Log.ConfigFetcher.RefreshConfig()

2015-08-24 10:35:49 InnerTextSwitch配置获取异常 System.NullReferenceException: 未将对象引用设置到对象的实例。
   在 Better.Infrastructures.Log.ConfigFetcher.RefreshConfig()

2015-08-24 10:35:49 IsCreateDetailFile配置获取异常 System.NullReferenceException: 未将对象引用设置到对象的实例。
   在 Better.Infrastructures.Log.ConfigFetcher.RefreshConfig()

2015-08-24 10:35:49 System.NullReferenceException: 未将对象引用设置到对象的实例。
   在 Better.Infrastructures.Log.LogingThread.WriteException(AppException exception)

2015-08-24 10:36:26 AppNameStr配置获取异常 System.NullReferenceException: 未将对象引用设置到对象的实例。
   在 Better.Infrastructures.Log.ConfigFetcher.RefreshConfig()

2015-08-24 10:36:26 UiaccStatSwitch配置获取异常 System.NullReferenceException: 未将对象引用设置到对象的实例。
   在 Better.Infrastructures.Log.ConfigFetcher.RefreshConfig()

2015-08-24 10:36:26 ExceptionStatSwitch配置获取异常 System.NullReferenceException: 未将对象引用设置到对象的实例。
   在 Better.Infrastructures.Log.ConfigFetcher.RefreshConfig()

2015-08-24 10:36:26 StatisticsTimeInterval配置获取异常 System.NullReferenceException: 未将对象引用设置到对象的实例。
   在 Better.Infrastructures.Log.ConfigFetcher.RefreshConfig()

2015-08-24 10:36:26 SlowShreshold配置获取异常 System.NullReferenceException: 未将对象引用设置到对象的实例。
   在 Better.Infrastructures.Log.ConfigFetcher.RefreshConfig()

2015-08-24 10:36:26 SmallLogRecord配置获取异常 System.NullReferenceException: 未将对象引用设置到对象的实例。
   在 Better.Infrastructures.Log.ConfigFetcher.RefreshConfig()

2015-08-24 10:36:27 RecordAppCollecttionParams配置获取异常 System.NullReferenceException: 未将对象引用设置到对象的实例。
   在 Better.Infrastructures.Log.ConfigFetcher.RefreshConfig()

2015-08-24 10:36:28 AppRecord配置获取异常 System.NullReferenceException: 未将对象引用设置到对象的实例。
   在 Better.Infrastructures.Log.ConfigFetcher.RefreshConfig()

2015-08-24 10:36:28 RecordDebug配置获取异常 System.NullReferenceException: 未将对象引用设置到对象的实例。
   在 Better.Infrastructures.Log.ConfigFetcher.RefreshConfig()

2015-08-24 10:36:28 ExceptionMinitorLevel配置获取异常 System.NullReferenceException: 未将对象引用设置到对象的实例。
   在 Better.Infrastructures.Log.ConfigFetcher.RefreshConfig()

2015-08-24 10:36:28 IsCloseAllLog配置获取异常 System.NullReferenceException: 未将对象引用设置到对象的实例。
   在 Better.Infrastructures.Log.ConfigFetcher.RefreshConfig()

2015-08-24 10:36:28 InnerTextSwitch配置获取异常 System.NullReferenceException: 未将对象引用设置到对象的实例。
   在 Better.Infrastructures.Log.ConfigFetcher.RefreshConfig()

2015-08-24 10:36:28 IsCreateDetailFile配置获取异常 System.NullReferenceException: 未将对象引用设置到对象的实例。
   在 Better.Infrastructures.Log.ConfigFetcher.RefreshConfig()

2015-08-24 10:36:28 System.NullReferenceException: 未将对象引用设置到对象的实例。
   在 Better.Infrastructures.Log.LogingThread.WriteException(AppException exception)

2015-08-24 10:36:51 数据库连接配置获取异常,目标连接AppLogConnection 异常 System.NullReferenceException: 未将对象引用设置到对象的实例。
   在 Better.Infrastructures.Log.ConnectionFactory.GetConnectionString(String str)

2015-08-24 10:36:51 连接获取异常 System.NullReferenceException: 未将对象引用设置到对象的实例。
   在 Better.Infrastructures.Log.ConnectionFactory.GetConnectionString(String str)
   在 Better.Infrastructures.Log.MySqlLogSink.RefreshConnStrs()

2015-08-24 10:36:51 数据库连接配置获取异常,目标连接AppLogConnection 异常 System.NullReferenceException: 未将对象引用设置到对象的实例。
   在 Better.Infrastructures.Log.ConnectionFactory.GetConnectionString(String str)

2015-08-24 10:36:51 连接获取异常 System.NullReferenceException: 未将对象引用设置到对象的实例。
   在 Better.Infrastructures.Log.ConnectionFactory.GetConnectionString(String str)
   在 Better.Infrastructures.Log.TextLogSink.RefreshConnStrs()

