2015-08-24 08:36:58 AppNameStr配置获取异常 System.NullReferenceException: 未将对象引用设置到对象的实例。
   在 Better.Infrastructures.Log.ConfigFetcher.RefreshConfig()

2015-08-24 08:36:58 UiaccStatSwitch配置获取异常 System.NullReferenceException: 未将对象引用设置到对象的实例。
   在 Better.Infrastructures.Log.ConfigFetcher.RefreshConfig()

2015-08-24 08:36:58 ExceptionStatSwitch配置获取异常 System.NullReferenceException: 未将对象引用设置到对象的实例。
   在 Better.Infrastructures.Log.ConfigFetcher.RefreshConfig()

2015-08-24 08:36:58 StatisticsTimeInterval配置获取异常 System.NullReferenceException: 未将对象引用设置到对象的实例。
   在 Better.Infrastructures.Log.ConfigFetcher.RefreshConfig()

2015-08-24 08:36:58 SlowShreshold配置获取异常 System.NullReferenceException: 未将对象引用设置到对象的实例。
   在 Better.Infrastructures.Log.ConfigFetcher.RefreshConfig()

2015-08-24 08:36:58 SmallLogRecord配置获取异常 System.NullReferenceException: 未将对象引用设置到对象的实例。
   在 Better.Infrastructures.Log.ConfigFetcher.RefreshConfig()

2015-08-24 08:37:00 RecordAppCollecttionParams配置获取异常 System.NullReferenceException: 未将对象引用设置到对象的实例。
   在 Better.Infrastructures.Log.ConfigFetcher.RefreshConfig()

2015-08-24 08:37:00 AppRecord配置获取异常 System.NullReferenceException: 未将对象引用设置到对象的实例。
   在 Better.Infrastructures.Log.ConfigFetcher.RefreshConfig()

2015-08-24 08:37:00 RecordDebug配置获取异常 System.NullReferenceException: 未将对象引用设置到对象的实例。
   在 Better.Infrastructures.Log.ConfigFetcher.RefreshConfig()

2015-08-24 08:37:00 ExceptionMinitorLevel配置获取异常 System.NullReferenceException: 未将对象引用设置到对象的实例。
   在 Better.Infrastructures.Log.ConfigFetcher.RefreshConfig()

2015-08-24 08:37:00 IsCloseAllLog配置获取异常 System.NullReferenceException: 未将对象引用设置到对象的实例。
   在 Better.Infrastructures.Log.ConfigFetcher.RefreshConfig()

2015-08-24 08:37:00 InnerTextSwitch配置获取异常 System.NullReferenceException: 未将对象引用设置到对象的实例。
   在 Better.Infrastructures.Log.ConfigFetcher.RefreshConfig()

2015-08-24 08:37:00 IsCreateDetailFile配置获取异常 System.NullReferenceException: 未将对象引用设置到对象的实例。
   在 Better.Infrastructures.Log.ConfigFetcher.RefreshConfig()

2015-08-24 08:37:00 System.NullReferenceException: 未将对象引用设置到对象的实例。
   在 Better.Infrastructures.Log.LogingThread.WriteException(AppException exception)

2015-08-24 08:37:03 数据库连接配置获取异常,目标连接AppLogConnection 异常 System.NullReferenceException: 未将对象引用设置到对象的实例。
   在 Better.Infrastructures.Log.ConnectionFactory.GetConnectionString(String str)

2015-08-24 08:37:03 连接获取异常 System.NullReferenceException: 未将对象引用设置到对象的实例。
   在 Better.Infrastructures.Log.ConnectionFactory.GetConnectionString(String str)
   在 Better.Infrastructures.Log.MySqlLogSink.RefreshConnStrs()

2015-08-24 08:37:03 数据库连接配置获取异常,目标连接AppLogConnection 异常 System.NullReferenceException: 未将对象引用设置到对象的实例。
   在 Better.Infrastructures.Log.ConnectionFactory.GetConnectionString(String str)

2015-08-24 08:37:03 连接获取异常 System.NullReferenceException: 未将对象引用设置到对象的实例。
   在 Better.Infrastructures.Log.ConnectionFactory.GetConnectionString(String str)
   在 Better.Infrastructures.Log.TextLogSink.RefreshConnStrs()

