2015-08-24 18:16:41 AppNameStr配置获取异常 System.NullReferenceException: 未将对象引用设置到对象的实例。
   在 Better.Infrastructures.Log.ConfigFetcher.RefreshConfig()

2015-08-24 18:16:41 UiaccStatSwitch配置获取异常 System.NullReferenceException: 未将对象引用设置到对象的实例。
   在 Better.Infrastructures.Log.ConfigFetcher.RefreshConfig()

2015-08-24 18:16:41 ExceptionStatSwitch配置获取异常 System.NullReferenceException: 未将对象引用设置到对象的实例。
   在 Better.Infrastructures.Log.ConfigFetcher.RefreshConfig()

2015-08-24 18:16:41 StatisticsTimeInterval配置获取异常 System.NullReferenceException: 未将对象引用设置到对象的实例。
   在 Better.Infrastructures.Log.ConfigFetcher.RefreshConfig()

2015-08-24 18:16:41 SlowShreshold配置获取异常 System.NullReferenceException: 未将对象引用设置到对象的实例。
   在 Better.Infrastructures.Log.ConfigFetcher.RefreshConfig()

2015-08-24 18:16:41 SmallLogRecord配置获取异常 System.NullReferenceException: 未将对象引用设置到对象的实例。
   在 Better.Infrastructures.Log.ConfigFetcher.RefreshConfig()

2015-08-24 18:16:41 RecordAppCollecttionParams配置获取异常 System.NullReferenceException: 未将对象引用设置到对象的实例。
   在 Better.Infrastructures.Log.ConfigFetcher.RefreshConfig()

2015-08-24 18:16:41 AppRecord配置获取异常 System.NullReferenceException: 未将对象引用设置到对象的实例。
   在 Better.Infrastructures.Log.ConfigFetcher.RefreshConfig()

2015-08-24 18:16:41 RecordDebug配置获取异常 System.NullReferenceException: 未将对象引用设置到对象的实例。
   在 Better.Infrastructures.Log.ConfigFetcher.RefreshConfig()

2015-08-24 18:16:41 ExceptionMinitorLevel配置获取异常 System.NullReferenceException: 未将对象引用设置到对象的实例。
   在 Better.Infrastructures.Log.ConfigFetcher.RefreshConfig()

2015-08-24 18:16:41 IsCloseAllLog配置获取异常 System.NullReferenceException: 未将对象引用设置到对象的实例。
   在 Better.Infrastructures.Log.ConfigFetcher.RefreshConfig()

2015-08-24 18:16:41 InnerTextSwitch配置获取异常 System.NullReferenceException: 未将对象引用设置到对象的实例。
   在 Better.Infrastructures.Log.ConfigFetcher.RefreshConfig()

2015-08-24 18:16:41 IsCreateDetailFile配置获取异常 System.NullReferenceException: 未将对象引用设置到对象的实例。
   在 Better.Infrastructures.Log.ConfigFetcher.RefreshConfig()

2015-08-24 18:16:41 数据库连接配置获取异常,目标连接AppLogConnection 异常 System.NullReferenceException: 未将对象引用设置到对象的实例。
   在 Better.Infrastructures.Log.ConnectionFactory.GetConnectionString(String str)

2015-08-24 18:16:41 连接获取异常 System.NullReferenceException: 未将对象引用设置到对象的实例。
   在 Better.Infrastructures.Log.ConnectionFactory.GetConnectionString(String str)
   在 Better.Infrastructures.Log.MySqlLogSink.RefreshConnStrs()

2015-08-24 18:16:41 数据库连接配置获取异常,目标连接AppLogConnection 异常 System.NullReferenceException: 未将对象引用设置到对象的实例。
   在 Better.Infrastructures.Log.ConnectionFactory.GetConnectionString(String str)

2015-08-24 18:16:41 连接获取异常 System.NullReferenceException: 未将对象引用设置到对象的实例。
   在 Better.Infrastructures.Log.ConnectionFactory.GetConnectionString(String str)
   在 Better.Infrastructures.Log.TextLogSink.RefreshConnStrs()

2015-08-24 18:18:02 AppNameStr配置获取异常 System.NullReferenceException: 未将对象引用设置到对象的实例。
   在 Better.Infrastructures.Log.ConfigFetcher.RefreshConfig()

2015-08-24 18:18:02 UiaccStatSwitch配置获取异常 System.NullReferenceException: 未将对象引用设置到对象的实例。
   在 Better.Infrastructures.Log.ConfigFetcher.RefreshConfig()

2015-08-24 18:18:02 ExceptionStatSwitch配置获取异常 System.NullReferenceException: 未将对象引用设置到对象的实例。
   在 Better.Infrastructures.Log.ConfigFetcher.RefreshConfig()

2015-08-24 18:18:02 StatisticsTimeInterval配置获取异常 System.NullReferenceException: 未将对象引用设置到对象的实例。
   在 Better.Infrastructures.Log.ConfigFetcher.RefreshConfig()

2015-08-24 18:18:02 SlowShreshold配置获取异常 System.NullReferenceException: 未将对象引用设置到对象的实例。
   在 Better.Infrastructures.Log.ConfigFetcher.RefreshConfig()

2015-08-24 18:18:02 SmallLogRecord配置获取异常 System.NullReferenceException: 未将对象引用设置到对象的实例。
   在 Better.Infrastructures.Log.ConfigFetcher.RefreshConfig()

2015-08-24 18:18:02 RecordAppCollecttionParams配置获取异常 System.NullReferenceException: 未将对象引用设置到对象的实例。
   在 Better.Infrastructures.Log.ConfigFetcher.RefreshConfig()

2015-08-24 18:18:02 AppRecord配置获取异常 System.NullReferenceException: 未将对象引用设置到对象的实例。
   在 Better.Infrastructures.Log.ConfigFetcher.RefreshConfig()

2015-08-24 18:18:02 RecordDebug配置获取异常 System.NullReferenceException: 未将对象引用设置到对象的实例。
   在 Better.Infrastructures.Log.ConfigFetcher.RefreshConfig()

2015-08-24 18:18:02 ExceptionMinitorLevel配置获取异常 System.NullReferenceException: 未将对象引用设置到对象的实例。
   在 Better.Infrastructures.Log.ConfigFetcher.RefreshConfig()

2015-08-24 18:18:02 IsCloseAllLog配置获取异常 System.NullReferenceException: 未将对象引用设置到对象的实例。
   在 Better.Infrastructures.Log.ConfigFetcher.RefreshConfig()

2015-08-24 18:18:02 InnerTextSwitch配置获取异常 System.NullReferenceException: 未将对象引用设置到对象的实例。
   在 Better.Infrastructures.Log.ConfigFetcher.RefreshConfig()

2015-08-24 18:18:02 IsCreateDetailFile配置获取异常 System.NullReferenceException: 未将对象引用设置到对象的实例。
   在 Better.Infrastructures.Log.ConfigFetcher.RefreshConfig()

2015-08-24 18:18:02 数据库连接配置获取异常,目标连接AppLogConnection 异常 System.NullReferenceException: 未将对象引用设置到对象的实例。
   在 Better.Infrastructures.Log.ConnectionFactory.GetConnectionString(String str)

2015-08-24 18:18:02 连接获取异常 System.NullReferenceException: 未将对象引用设置到对象的实例。
   在 Better.Infrastructures.Log.ConnectionFactory.GetConnectionString(String str)
   在 Better.Infrastructures.Log.MySqlLogSink.RefreshConnStrs()

2015-08-24 18:18:02 数据库连接配置获取异常,目标连接AppLogConnection 异常 System.NullReferenceException: 未将对象引用设置到对象的实例。
   在 Better.Infrastructures.Log.ConnectionFactory.GetConnectionString(String str)

2015-08-24 18:18:02 连接获取异常 System.NullReferenceException: 未将对象引用设置到对象的实例。
   在 Better.Infrastructures.Log.ConnectionFactory.GetConnectionString(String str)
   在 Better.Infrastructures.Log.TextLogSink.RefreshConnStrs()

2015-08-24 18:18:21 System.NullReferenceException: 未将对象引用设置到对象的实例。
   在 Better.Infrastructures.Log.LogingThread.WriteException(AppException exception)

2015-08-24 18:18:21 System.NullReferenceException: 未将对象引用设置到对象的实例。
   在 Better.Infrastructures.Log.LogingThread.InteractionLog(String moduel, String key1, String key2, String sendAddress, String sendContent, String receiveContent, String message, Dictionary`2 dicContext, TimeSpan timespan)

2015-08-24 18:25:34 IsCreateDetailFile配置获取异常 System.NullReferenceException: 未将对象引用设置到对象的实例。
   在 Better.Infrastructures.Log.ConfigFetcher.RefreshConfig()

2015-08-24 18:25:34 数据库连接配置获取异常,目标连接BusiMonitorLogConnection 异常 System.NullReferenceException: 未将对象引用设置到对象的实例。
   在 Better.Infrastructures.Log.ConnectionFactory.GetConnectionString(String str)

2015-08-24 18:25:34 连接获取异常 System.NullReferenceException: 未将对象引用设置到对象的实例。
   在 Better.Infrastructures.Log.ConnectionFactory.GetConnectionString(String str)
   在 Better.Infrastructures.Log.MySqlLogSink.RefreshConnStrs()

2015-08-24 18:25:34 数据库连接配置获取异常,目标连接BusiMonitorLogConnection 异常 System.NullReferenceException: 未将对象引用设置到对象的实例。
   在 Better.Infrastructures.Log.ConnectionFactory.GetConnectionString(String str)

2015-08-24 18:25:34 连接获取异常 System.NullReferenceException: 未将对象引用设置到对象的实例。
   在 Better.Infrastructures.Log.ConnectionFactory.GetConnectionString(String str)
   在 Better.Infrastructures.Log.TextLogSink.RefreshConnStrs()

2015-08-24 18:26:11 IsCreateDetailFile配置获取异常 System.NullReferenceException: 未将对象引用设置到对象的实例。
   在 Better.Infrastructures.Log.ConfigFetcher.RefreshConfig()

2015-08-24 18:26:11 数据库连接配置获取异常,目标连接BusiMonitorLogConnection 异常 System.NullReferenceException: 未将对象引用设置到对象的实例。
   在 Better.Infrastructures.Log.ConnectionFactory.GetConnectionString(String str)

2015-08-24 18:26:11 连接获取异常 System.NullReferenceException: 未将对象引用设置到对象的实例。
   在 Better.Infrastructures.Log.ConnectionFactory.GetConnectionString(String str)
   在 Better.Infrastructures.Log.MySqlLogSink.RefreshConnStrs()

2015-08-24 18:26:11 数据库连接配置获取异常,目标连接BusiMonitorLogConnection 异常 System.NullReferenceException: 未将对象引用设置到对象的实例。
   在 Better.Infrastructures.Log.ConnectionFactory.GetConnectionString(String str)

2015-08-24 18:26:11 连接获取异常 System.NullReferenceException: 未将对象引用设置到对象的实例。
   在 Better.Infrastructures.Log.ConnectionFactory.GetConnectionString(String str)
   在 Better.Infrastructures.Log.TextLogSink.RefreshConnStrs()

2015-08-24 18:34:24 IsCreateDetailFile配置获取异常 System.NullReferenceException: 未将对象引用设置到对象的实例。
   在 Better.Infrastructures.Log.ConfigFetcher.RefreshConfig()

2015-08-24 18:34:25 数据库连接配置获取异常,目标连接BusiMonitorLogConnection 异常 System.NullReferenceException: 未将对象引用设置到对象的实例。
   在 Better.Infrastructures.Log.ConnectionFactory.GetConnectionString(String str)

2015-08-24 18:34:25 连接获取异常 System.NullReferenceException: 未将对象引用设置到对象的实例。
   在 Better.Infrastructures.Log.ConnectionFactory.GetConnectionString(String str)
   在 Better.Infrastructures.Log.MySqlLogSink.RefreshConnStrs()

2015-08-24 18:34:25 数据库连接配置获取异常,目标连接BusiMonitorLogConnection 异常 System.NullReferenceException: 未将对象引用设置到对象的实例。
   在 Better.Infrastructures.Log.ConnectionFactory.GetConnectionString(String str)

2015-08-24 18:34:25 连接获取异常 System.NullReferenceException: 未将对象引用设置到对象的实例。
   在 Better.Infrastructures.Log.ConnectionFactory.GetConnectionString(String str)
   在 Better.Infrastructures.Log.TextLogSink.RefreshConnStrs()

2015-08-24 18:40:04 IsCreateDetailFile配置获取异常 System.NullReferenceException: 未将对象引用设置到对象的实例。
   在 Better.Infrastructures.Log.ConfigFetcher.RefreshConfig()

2015-08-24 18:40:04 数据库连接配置获取异常,目标连接BusiMonitorLogConnection 异常 System.NullReferenceException: 未将对象引用设置到对象的实例。
   在 Better.Infrastructures.Log.ConnectionFactory.GetConnectionString(String str)

2015-08-24 18:40:04 连接获取异常 System.NullReferenceException: 未将对象引用设置到对象的实例。
   在 Better.Infrastructures.Log.ConnectionFactory.GetConnectionString(String str)
   在 Better.Infrastructures.Log.MySqlLogSink.RefreshConnStrs()

2015-08-24 18:40:04 数据库连接配置获取异常,目标连接BusiMonitorLogConnection 异常 System.NullReferenceException: 未将对象引用设置到对象的实例。
   在 Better.Infrastructures.Log.ConnectionFactory.GetConnectionString(String str)

2015-08-24 18:40:04 连接获取异常 System.NullReferenceException: 未将对象引用设置到对象的实例。
   在 Better.Infrastructures.Log.ConnectionFactory.GetConnectionString(String str)
   在 Better.Infrastructures.Log.TextLogSink.RefreshConnStrs()

2015-08-24 18:40:57 IsCreateDetailFile配置获取异常 System.NullReferenceException: 未将对象引用设置到对象的实例。
   在 Better.Infrastructures.Log.ConfigFetcher.RefreshConfig()

2015-08-24 18:40:57 数据库连接配置获取异常,目标连接BusiMonitorLogConnection 异常 System.NullReferenceException: 未将对象引用设置到对象的实例。
   在 Better.Infrastructures.Log.ConnectionFactory.GetConnectionString(String str)

2015-08-24 18:40:57 连接获取异常 System.NullReferenceException: 未将对象引用设置到对象的实例。
   在 Better.Infrastructures.Log.ConnectionFactory.GetConnectionString(String str)
   在 Better.Infrastructures.Log.MySqlLogSink.RefreshConnStrs()

2015-08-24 18:40:57 数据库连接配置获取异常,目标连接BusiMonitorLogConnection 异常 System.NullReferenceException: 未将对象引用设置到对象的实例。
   在 Better.Infrastructures.Log.ConnectionFactory.GetConnectionString(String str)

2015-08-24 18:40:57 连接获取异常 System.NullReferenceException: 未将对象引用设置到对象的实例。
   在 Better.Infrastructures.Log.ConnectionFactory.GetConnectionString(String str)
   在 Better.Infrastructures.Log.TextLogSink.RefreshConnStrs()

2015-08-24 18:44:05 IsCreateDetailFile配置获取异常 System.NullReferenceException: 未将对象引用设置到对象的实例。
   在 Better.Infrastructures.Log.ConfigFetcher.RefreshConfig()

2015-08-24 18:44:06 数据库连接配置获取异常,目标连接BusiMonitorLogConnection 异常 System.NullReferenceException: 未将对象引用设置到对象的实例。
   在 Better.Infrastructures.Log.ConnectionFactory.GetConnectionString(String str)

2015-08-24 18:44:06 连接获取异常 System.NullReferenceException: 未将对象引用设置到对象的实例。
   在 Better.Infrastructures.Log.ConnectionFactory.GetConnectionString(String str)
   在 Better.Infrastructures.Log.MySqlLogSink.RefreshConnStrs()

2015-08-24 18:44:06 数据库连接配置获取异常,目标连接BusiMonitorLogConnection 异常 System.NullReferenceException: 未将对象引用设置到对象的实例。
   在 Better.Infrastructures.Log.ConnectionFactory.GetConnectionString(String str)

2015-08-24 18:44:06 连接获取异常 System.NullReferenceException: 未将对象引用设置到对象的实例。
   在 Better.Infrastructures.Log.ConnectionFactory.GetConnectionString(String str)
   在 Better.Infrastructures.Log.TextLogSink.RefreshConnStrs()

2015-08-24 18:48:53 IsCreateDetailFile配置获取异常 System.NullReferenceException: 未将对象引用设置到对象的实例。
   在 Better.Infrastructures.Log.ConfigFetcher.RefreshConfig()

2015-08-24 18:48:53 数据库连接配置获取异常,目标连接BusiMonitorLogConnection 异常 System.NullReferenceException: 未将对象引用设置到对象的实例。
   在 Better.Infrastructures.Log.ConnectionFactory.GetConnectionString(String str)

2015-08-24 18:48:53 连接获取异常 System.NullReferenceException: 未将对象引用设置到对象的实例。
   在 Better.Infrastructures.Log.ConnectionFactory.GetConnectionString(String str)
   在 Better.Infrastructures.Log.MySqlLogSink.RefreshConnStrs()

2015-08-24 18:48:53 数据库连接配置获取异常,目标连接BusiMonitorLogConnection 异常 System.NullReferenceException: 未将对象引用设置到对象的实例。
   在 Better.Infrastructures.Log.ConnectionFactory.GetConnectionString(String str)

2015-08-24 18:48:53 连接获取异常 System.NullReferenceException: 未将对象引用设置到对象的实例。
   在 Better.Infrastructures.Log.ConnectionFactory.GetConnectionString(String str)
   在 Better.Infrastructures.Log.TextLogSink.RefreshConnStrs()

2015-08-24 18:50:37 IsCreateDetailFile配置获取异常 System.NullReferenceException: 未将对象引用设置到对象的实例。
   在 Better.Infrastructures.Log.ConfigFetcher.RefreshConfig()

2015-08-24 18:50:37 数据库连接配置获取异常,目标连接BusiMonitorLogConnection 异常 System.NullReferenceException: 未将对象引用设置到对象的实例。
   在 Better.Infrastructures.Log.ConnectionFactory.GetConnectionString(String str)

2015-08-24 18:50:37 连接获取异常 System.NullReferenceException: 未将对象引用设置到对象的实例。
   在 Better.Infrastructures.Log.ConnectionFactory.GetConnectionString(String str)
   在 Better.Infrastructures.Log.MySqlLogSink.RefreshConnStrs()

2015-08-24 18:50:37 数据库连接配置获取异常,目标连接BusiMonitorLogConnection 异常 System.NullReferenceException: 未将对象引用设置到对象的实例。
   在 Better.Infrastructures.Log.ConnectionFactory.GetConnectionString(String str)

2015-08-24 18:50:37 连接获取异常 System.NullReferenceException: 未将对象引用设置到对象的实例。
   在 Better.Infrastructures.Log.ConnectionFactory.GetConnectionString(String str)
   在 Better.Infrastructures.Log.TextLogSink.RefreshConnStrs()

2015-08-24 18:53:43 IsCreateDetailFile配置获取异常 System.NullReferenceException: 未将对象引用设置到对象的实例。
   在 Better.Infrastructures.Log.ConfigFetcher.RefreshConfig()

2015-08-24 18:53:43 数据库连接配置获取异常,目标连接BusiMonitorLogConnection 异常 System.NullReferenceException: 未将对象引用设置到对象的实例。
   在 Better.Infrastructures.Log.ConnectionFactory.GetConnectionString(String str)

2015-08-24 18:53:43 连接获取异常 System.NullReferenceException: 未将对象引用设置到对象的实例。
   在 Better.Infrastructures.Log.ConnectionFactory.GetConnectionString(String str)
   在 Better.Infrastructures.Log.MySqlLogSink.RefreshConnStrs()

2015-08-24 18:53:43 数据库连接配置获取异常,目标连接BusiMonitorLogConnection 异常 System.NullReferenceException: 未将对象引用设置到对象的实例。
   在 Better.Infrastructures.Log.ConnectionFactory.GetConnectionString(String str)

2015-08-24 18:53:43 连接获取异常 System.NullReferenceException: 未将对象引用设置到对象的实例。
   在 Better.Infrastructures.Log.ConnectionFactory.GetConnectionString(String str)
   在 Better.Infrastructures.Log.TextLogSink.RefreshConnStrs()

2015-08-24 18:56:02 IsCreateDetailFile配置获取异常 System.NullReferenceException: 未将对象引用设置到对象的实例。
   在 Better.Infrastructures.Log.ConfigFetcher.RefreshConfig()

2015-08-24 18:56:02 数据库连接配置获取异常,目标连接BusiMonitorLogConnection 异常 System.NullReferenceException: 未将对象引用设置到对象的实例。
   在 Better.Infrastructures.Log.ConnectionFactory.GetConnectionString(String str)

2015-08-24 18:56:02 连接获取异常 System.NullReferenceException: 未将对象引用设置到对象的实例。
   在 Better.Infrastructures.Log.ConnectionFactory.GetConnectionString(String str)
   在 Better.Infrastructures.Log.MySqlLogSink.RefreshConnStrs()

2015-08-24 18:56:02 数据库连接配置获取异常,目标连接BusiMonitorLogConnection 异常 System.NullReferenceException: 未将对象引用设置到对象的实例。
   在 Better.Infrastructures.Log.ConnectionFactory.GetConnectionString(String str)

2015-08-24 18:56:02 连接获取异常 System.NullReferenceException: 未将对象引用设置到对象的实例。
   在 Better.Infrastructures.Log.ConnectionFactory.GetConnectionString(String str)
   在 Better.Infrastructures.Log.TextLogSink.RefreshConnStrs()

2015-08-24 18:58:55 IsCreateDetailFile配置获取异常 System.NullReferenceException: 未将对象引用设置到对象的实例。
   在 Better.Infrastructures.Log.ConfigFetcher.RefreshConfig()

2015-08-24 18:58:55 数据库连接配置获取异常,目标连接BusiMonitorLogConnection 异常 System.NullReferenceException: 未将对象引用设置到对象的实例。
   在 Better.Infrastructures.Log.ConnectionFactory.GetConnectionString(String str)

2015-08-24 18:58:55 连接获取异常 System.NullReferenceException: 未将对象引用设置到对象的实例。
   在 Better.Infrastructures.Log.ConnectionFactory.GetConnectionString(String str)
   在 Better.Infrastructures.Log.MySqlLogSink.RefreshConnStrs()

2015-08-24 18:58:55 数据库连接配置获取异常,目标连接BusiMonitorLogConnection 异常 System.NullReferenceException: 未将对象引用设置到对象的实例。
   在 Better.Infrastructures.Log.ConnectionFactory.GetConnectionString(String str)

2015-08-24 18:58:55 连接获取异常 System.NullReferenceException: 未将对象引用设置到对象的实例。
   在 Better.Infrastructures.Log.ConnectionFactory.GetConnectionString(String str)
   在 Better.Infrastructures.Log.TextLogSink.RefreshConnStrs()

