2015-08-27 15:22:51 IsCreateDetailFile配置获取异常 System.NullReferenceException: 未将对象引用设置到对象的实例。
   在 Better.Infrastructures.Log.ConfigFetcher.RefreshConfig()

2015-08-27 15:31:38 IsCreateDetailFile配置获取异常 System.NullReferenceException: 未将对象引用设置到对象的实例。
   在 Better.Infrastructures.Log.ConfigFetcher.RefreshConfig()

2015-08-27 15:34:35 IsCreateDetailFile配置获取异常 System.NullReferenceException: 未将对象引用设置到对象的实例。
   在 Better.Infrastructures.Log.ConfigFetcher.RefreshConfig()

2015-08-27 15:34:55 数据库连接配置获取异常,目标连接BusiMonitorLogConnection 异常 System.NullReferenceException: 未将对象引用设置到对象的实例。
   在 Better.Infrastructures.Log.ConnectionFactory.GetConnectionString(String str)

2015-08-27 15:34:55 连接获取异常 System.NullReferenceException: 未将对象引用设置到对象的实例。
   在 Better.Infrastructures.Log.ConnectionFactory.GetConnectionString(String str)
   在 Better.Infrastructures.Log.MySqlLogSink.RefreshConnStrs()

2015-08-27 15:34:55 数据库连接配置获取异常,目标连接BusiMonitorLogConnection 异常 System.NullReferenceException: 未将对象引用设置到对象的实例。
   在 Better.Infrastructures.Log.ConnectionFactory.GetConnectionString(String str)

2015-08-27 15:34:55 连接获取异常 System.NullReferenceException: 未将对象引用设置到对象的实例。
   在 Better.Infrastructures.Log.ConnectionFactory.GetConnectionString(String str)
   在 Better.Infrastructures.Log.TextLogSink.RefreshConnStrs()

2015-08-27 15:40:04 MySql.Data.MySqlClient.MySqlException: Table 'LogExceptionStatistics.ExceptionStatistics2015082715' doesn't exist
   在 MySql.Data.MySqlClient.MySqlStream.OpenPacket()
   在 MySql.Data.MySqlClient.NativeDriver.ReadResult(UInt64& affectedRows, Int64& lastInsertId)
   在 MySql.Data.MySqlClient.MySqlDataReader.GetResultSet()
   在 MySql.Data.MySqlClient.MySqlDataReader.NextResult()
   在 MySql.Data.MySqlClient.MySqlCommand.ExecuteReader(CommandBehavior behavior)
   在 MySql.Data.MySqlClient.MySqlCommand.ExecuteReader()
   在 MySql.Data.MySqlClient.MySqlCommand.ExecuteNonQuery()
   在 Better.Infrastructures.Log.MysqlStatisticsAccess.InsertExceptionStatistics(MExceptionStatistics model, String connStr)
   在 Better.Infrastructures.Log.MySqlLogSink.ExceptionStat(MExceptionStatistics model)
   在 Better.Infrastructures.Log.LogWriter.ExceptionStat(MExceptionStatistics model)

2015-08-27 15:42:57 System.NullReferenceException: 未将对象引用设置到对象的实例。
   在 Better.Infrastructures.Log.LogingThread.InteractionLog(String moduel, String key1, String key2, String sendAddress, String sendContent, String receiveContent, String message, Dictionary`2 dicContext, TimeSpan timespan)

2015-08-27 15:42:57 System.NullReferenceException: 未将对象引用设置到对象的实例。
   在 Better.Infrastructures.Log.LogingThread.WriteException(AppException exception)

2015-08-27 15:42:58 System.NullReferenceException: 未将对象引用设置到对象的实例。
   在 Better.Infrastructures.Log.LogingThread.InteractionLog(String moduel, String key1, String key2, String sendAddress, String sendContent, String receiveContent, String message, Dictionary`2 dicContext, TimeSpan timespan)

2015-08-27 15:43:01 System.NullReferenceException: 未将对象引用设置到对象的实例。
   在 Better.Infrastructures.Log.LogingThread.InteractionLog(String moduel, String key1, String key2, String sendAddress, String sendContent, String receiveContent, String message, Dictionary`2 dicContext, TimeSpan timespan)

